--------------------------------------------------------------------------------
Di, 14. April 2015, 11:20 -> Tue Apr 14 11:20:35 CEST 2015 
    WARN SystemConfigDao      SystemConfig entity does not exist. Creating new one.                                               | app:scrum

--------------------------------------------------------------------------------
Di, 14. April 2015, 11:20 -> Tue Apr 14 11:20:35 CEST 2015 
    WARN ScrumWebApplication  No users. Creating initial user <admin> with password <geheim>                                      | app:scrum

--------------------------------------------------------------------------------
Di, 14. April 2015, 11:20 -> Tue Apr 14 11:20:37 CEST 2015 
    FATAL [/]                  Error loading WebappClassLoader
  delegate: false
  repositories:
    /WEB-INF/classes/
----------> Parent Classloader:
sun.misc.Launcher$AppClassLoader@4e25154f
 org.apache.jasper.servlet.JspServlet | app:scrum

--------------------------------------------------------------------------------
Di, 14. April 2015, 11:20 -> Tue Apr 14 11:20:37 CEST 2015 
    FATAL [/]                  Servlet / threw load() exception                                                                    | app:scrum

--------------------------------------------------------------------------------
Di, 14. April 2015, 11:20 -> Tue Apr 14 11:20:37 CEST 2015 
    FATAL Registry             Null component localEngine:type=JspMonitor,name=jsp,WebModule=//localhost/,J2EEApplication=none,J2EEServer=none | app:scrum

--------------------------------------------------------------------------------
Di, 14. April 2015, 11:22 -> Tue Apr 14 11:22:09 CEST 2015 
    ERROR Log                  Missing configuration: smtpServer                                                                   | app:scrum > session:0:0:0:0:0:0:0:1

--------------------------------------------------------------------------------
Di, 14. April 2015, 11:23 -> Tue Apr 14 11:23:05 CEST 2015 
    WARN BurndownChart        GraphicsEnvironment is not headless                                                                 | app:scrum > session:l_pOM2V29

--------------------------------------------------------------------------------
Di, 14. April 2015, 11:24 -> Tue Apr 14 11:24:33 CEST 2015 
    WARN BurndownChart        GraphicsEnvironment is not headless                                                                 | app:scrum > session:l_pOM2V29

--------------------------------------------------------------------------------
Di, 14. April 2015, 11:25 -> Tue Apr 14 11:25:42 CEST 2015 
    WARN BurndownChart        GraphicsEnvironment is not headless                                                                 | app:scrum > session:l_pOM2V29

--------------------------------------------------------------------------------
Di, 14. April 2015, 11:26 -> Tue Apr 14 11:26:06 CEST 2015 
    WARN BurndownChart        GraphicsEnvironment is not headless                                                                 | app:scrum > session:l_pOM2V29

--------------------------------------------------------------------------------
Di, 14. April 2015, 11:26 -> Tue Apr 14 11:26:14 CEST 2015 
    WARN BurndownChart        GraphicsEnvironment is not headless                                                                 | app:scrum > session:TRO

--------------------------------------------------------------------------------
Di, 14. April 2015, 11:41 -> Tue Apr 14 11:41:20 CEST 2015 
    FATAL [/]                  Error loading WebappClassLoader
  delegate: false
  repositories:
    /WEB-INF/classes/
----------> Parent Classloader:
sun.misc.Launcher$AppClassLoader@4e25154f
 org.apache.jasper.servlet.JspServlet | app:scrum

--------------------------------------------------------------------------------
Di, 14. April 2015, 11:41 -> Tue Apr 14 11:41:20 CEST 2015 
    FATAL [/]                  Servlet / threw load() exception                                                                    | app:scrum

--------------------------------------------------------------------------------
Di, 14. April 2015, 11:41 -> Tue Apr 14 11:41:20 CEST 2015 
    FATAL Registry             Null component localEngine:type=JspMonitor,name=jsp,WebModule=//localhost/,J2EEApplication=none,J2EEServer=none | app:scrum

--------------------------------------------------------------------------------
Di, 14. April 2015, 11:41 -> Tue Apr 14 11:41:30 CEST 2015 
    WARN BurndownChart        GraphicsEnvironment is not headless                                                                 | app:scrum > session:TRO

--------------------------------------------------------------------------------
Di, 14. April 2015, 11:41 -> Tue Apr 14 11:41:58 CEST 2015 
    WARN BurndownChart        GraphicsEnvironment is not headless                                                                 | app:scrum > session:TRO

--------------------------------------------------------------------------------
Di, 14. April 2015, 11:42 -> Tue Apr 14 11:42:13 CEST 2015 
    WARN BurndownChart        GraphicsEnvironment is not headless                                                                 | app:scrum > session:TRO

--------------------------------------------------------------------------------
Di, 14. April 2015, 13:22 -> Tue Apr 14 13:22:24 CEST 2015 
    WARN BurndownChart        GraphicsEnvironment is not headless                                                                 | app:scrum > session:TRO

--------------------------------------------------------------------------------
Di, 14. April 2015, 13:49 -> Tue Apr 14 13:49:10 CEST 2015 
    FATAL [/]                  Error loading WebappClassLoader
  delegate: false
  repositories:
    /WEB-INF/classes/
----------> Parent Classloader:
sun.misc.Launcher$AppClassLoader@4e25154f
 org.apache.jasper.servlet.JspServlet | app:scrum

--------------------------------------------------------------------------------
Di, 14. April 2015, 13:49 -> Tue Apr 14 13:49:10 CEST 2015 
    FATAL [/]                  Servlet / threw load() exception                                                                    | app:scrum

--------------------------------------------------------------------------------
Di, 14. April 2015, 13:49 -> Tue Apr 14 13:49:10 CEST 2015 
    FATAL Registry             Null component localEngine:type=JspMonitor,name=jsp,WebModule=//localhost/,J2EEApplication=none,J2EEServer=none | app:scrum

--------------------------------------------------------------------------------
Di, 14. April 2015, 13:49 -> Tue Apr 14 13:49:18 CEST 2015 
    WARN BurndownChart        GraphicsEnvironment is not headless                                                                 | app:scrum > session:TRO

--------------------------------------------------------------------------------
Di, 14. April 2015, 14:29 -> Tue Apr 14 14:29:39 CEST 2015 
    FATAL [/]                  Error loading WebappClassLoader
  delegate: false
  repositories:
    /WEB-INF/classes/
----------> Parent Classloader:
sun.misc.Launcher$AppClassLoader@4e25154f
 org.apache.jasper.servlet.JspServlet | app:scrum

--------------------------------------------------------------------------------
Di, 14. April 2015, 14:29 -> Tue Apr 14 14:29:39 CEST 2015 
    FATAL [/]                  Servlet / threw load() exception                                                                    | app:scrum

--------------------------------------------------------------------------------
Di, 14. April 2015, 14:29 -> Tue Apr 14 14:29:39 CEST 2015 
    FATAL Registry             Null component localEngine:type=JspMonitor,name=jsp,WebModule=//localhost/,J2EEApplication=none,J2EEServer=none | app:scrum

--------------------------------------------------------------------------------
Di, 14. April 2015, 14:30 -> Tue Apr 14 14:30:04 CEST 2015 
    WARN BurndownChart        GraphicsEnvironment is not headless                                                                 | app:scrum > session:TRO

--------------------------------------------------------------------------------
Mi, 15. April 2015, 10:56 -> Wed Apr 15 10:56:58 CEST 2015 
    FATAL [/]                  Error loading WebappClassLoader
  delegate: false
  repositories:
    /WEB-INF/classes/
----------> Parent Classloader:
sun.misc.Launcher$AppClassLoader@4e25154f
 org.apache.jasper.servlet.JspServlet | app:scrum

--------------------------------------------------------------------------------
Mi, 15. April 2015, 10:56 -> Wed Apr 15 10:56:58 CEST 2015 
    FATAL [/]                  Servlet / threw load() exception                                                                    | app:scrum

--------------------------------------------------------------------------------
Mi, 15. April 2015, 10:56 -> Wed Apr 15 10:56:58 CEST 2015 
    FATAL Registry             Null component localEngine:type=JspMonitor,name=jsp,WebModule=//localhost/,J2EEApplication=none,J2EEServer=none | app:scrum

--------------------------------------------------------------------------------
Mi, 15. April 2015, 11:15 -> Wed Apr 15 11:15:19 CEST 2015 
    FATAL [/]                  Error loading WebappClassLoader
  delegate: false
  repositories:
    /WEB-INF/classes/
----------> Parent Classloader:
sun.misc.Launcher$AppClassLoader@4e25154f
 org.apache.jasper.servlet.JspServlet | app:scrum

--------------------------------------------------------------------------------
Mi, 15. April 2015, 11:15 -> Wed Apr 15 11:15:19 CEST 2015 
    FATAL [/]                  Servlet / threw load() exception                                                                    | app:scrum

--------------------------------------------------------------------------------
Mi, 15. April 2015, 11:15 -> Wed Apr 15 11:15:19 CEST 2015 
    FATAL Registry             Null component localEngine:type=JspMonitor,name=jsp,WebModule=//localhost/,J2EEApplication=none,J2EEServer=none | app:scrum

--------------------------------------------------------------------------------
Mi, 15. April 2015, 11:15 -> Wed Apr 15 11:15:56 CEST 2015 
    WARN BurndownChart        GraphicsEnvironment is not headless                                                                 | app:scrum > session:TRO

--------------------------------------------------------------------------------
Mi, 15. April 2015, 11:39 -> Wed Apr 15 11:39:03 CEST 2015 
    FATAL [/]                  Error loading WebappClassLoader
  delegate: false
  repositories:
    /WEB-INF/classes/
----------> Parent Classloader:
sun.misc.Launcher$AppClassLoader@4e25154f
 org.apache.jasper.servlet.JspServlet | app:scrum

--------------------------------------------------------------------------------
Mi, 15. April 2015, 11:39 -> Wed Apr 15 11:39:03 CEST 2015 
    FATAL [/]                  Servlet / threw load() exception                                                                    | app:scrum

--------------------------------------------------------------------------------
Mi, 15. April 2015, 11:39 -> Wed Apr 15 11:39:03 CEST 2015 
    FATAL Registry             Null component localEngine:type=JspMonitor,name=jsp,WebModule=//localhost/,J2EEApplication=none,J2EEServer=none | app:scrum

--------------------------------------------------------------------------------
Mi, 15. April 2015, 11:39 -> Wed Apr 15 11:39:41 CEST 2015 
    WARN BurndownChart        GraphicsEnvironment is not headless                                                                 | app:scrum > session:TRO

--------------------------------------------------------------------------------
Fr, 17. April 2015, 10:04 -> Fri Apr 17 10:04:21 CEST 2015 
    FATAL [/]                  Error loading WebappClassLoader
  delegate: false
  repositories:
    /WEB-INF/classes/
----------> Parent Classloader:
sun.misc.Launcher$AppClassLoader@4e25154f
 org.apache.jasper.servlet.JspServlet | app:scrum

--------------------------------------------------------------------------------
Fr, 17. April 2015, 10:04 -> Fri Apr 17 10:04:21 CEST 2015 
    FATAL [/]                  Servlet / threw load() exception                                                                    | app:scrum

--------------------------------------------------------------------------------
Fr, 17. April 2015, 10:04 -> Fri Apr 17 10:04:21 CEST 2015 
    FATAL Registry             Null component localEngine:type=JspMonitor,name=jsp,WebModule=//localhost/,J2EEApplication=none,J2EEServer=none | app:scrum

--------------------------------------------------------------------------------
Fr, 17. April 2015, 10:05 -> Fri Apr 17 10:05:22 CEST 2015 
    ERROR LoginServlet         OpenID authentication failed. Discovering OpenID failed: https://www.google.com/accounts/o8/id <- YadisException: 0x704: I/O transport error: www.google.com <- www.google.com
java.lang.RuntimeException: Discovering OpenID failed: https://www.google.com/accounts/o8/id
    at ilarkesto.auth.OpenId.createAuthenticationRequest(OpenId.java:157)
    at ilarkesto.auth.OpenId.createAuthenticationRequestUrl(OpenId.java:89)
    at scrum.server.admin.LoginServlet.redirectOpenId(LoginServlet.java:293)
    at scrum.server.admin.LoginServlet.onRequest(LoginServlet.java:76)
    at scrum.server.common.AKunagiServlet.onGet(AKunagiServlet.java:60)
    at ilarkesto.webapp.AServlet.doGet(AServlet.java:50)
    at javax.servlet.http.HttpServlet.service(HttpServlet.java:690)
    at javax.servlet.http.HttpServlet.service(HttpServlet.java:803)
    at org.apache.catalina.core.ApplicationFilterChain.internalDoFilter(ApplicationFilterChain.java:290)
    at org.apache.catalina.core.ApplicationFilterChain.doFilter(ApplicationFilterChain.java:206)
    at org.apache.catalina.core.StandardWrapperValve.invoke(StandardWrapperValve.java:233)
    at org.apache.catalina.core.StandardContextValve.invoke(StandardContextValve.java:175)
    at org.apache.catalina.core.StandardHostValve.invoke(StandardHostValve.java:128)
    at org.apache.catalina.valves.ErrorReportValve.invoke(ErrorReportValve.java:102)
    at org.apache.catalina.core.StandardEngineValve.invoke(StandardEngineValve.java:109)
    at org.apache.catalina.connector.CoyoteAdapter.service(CoyoteAdapter.java:263)
    at org.apache.coyote.http11.Http11Processor.process(Http11Processor.java:844)
    at org.apache.coyote.http11.Http11Protocol$Http11ConnectionHandler.process(Http11Protocol.java:584)
    at org.apache.tomcat.util.net.JIoEndpoint$Worker.run(JIoEndpoint.java:447)
    at java.lang.Thread.run(Unknown Source)
Caused by: org.openid4java.discovery.yadis.YadisException: 0x704: I/O transport error: www.google.com
    at org.openid4java.discovery.yadis.YadisResolver.retrieveXrdsLocation(YadisResolver.java:478)
    at org.openid4java.discovery.yadis.YadisResolver.discover(YadisResolver.java:248)
    at org.openid4java.discovery.yadis.YadisResolver.discover(YadisResolver.java:232)
    at org.openid4java.discovery.yadis.YadisResolver.discover(YadisResolver.java:166)
    at org.openid4java.discovery.Discovery.discover(Discovery.java:147)
    at org.openid4java.discovery.Discovery.discover(Discovery.java:129)
    at org.openid4java.consumer.ConsumerManager.discover(ConsumerManager.java:538)
    at ilarkesto.auth.OpenId.createAuthenticationRequest(OpenId.java:155)
    at ilarkesto.auth.OpenId.createAuthenticationRequestUrl(OpenId.java:89)
    at scrum.server.admin.LoginServlet.redirectOpenId(LoginServlet.java:293)
    at scrum.server.admin.LoginServlet.onRequest(LoginServlet.java:76)
    at scrum.server.common.AKunagiServlet.onGet(AKunagiServlet.java:60)
    at ilarkesto.webapp.AServlet.doGet(AServlet.java:50)
    at javax.servlet.http.HttpServlet.service(HttpServlet.java:690)
    at javax.servlet.http.HttpServlet.service(HttpServlet.java:803)
    at org.apache.catalina.core.ApplicationFilterChain.internalDoFilter(ApplicationFilterChain.java:290)
    at org.apache.catalina.core.ApplicationFilterChain.doFilter(ApplicationFilterChain.java:206)
    at org.apache.catalina.core.StandardWrapperValve.invoke(StandardWrapperValve.java:233)
    at org.apache.catalina.core.StandardContextValve.invoke(StandardContextValve.java:175)
    at org.apache.catalina.core.StandardHostValve.invoke(StandardHostValve.java:128)
    at org.apache.catalina.valves.ErrorReportValve.invoke(ErrorReportValve.java:102)
    at org.apache.catalina.core.StandardEngineValve.invoke(StandardEngineValve.java:109)
    at org.apache.catalina.connector.CoyoteAdapter.service(CoyoteAdapter.java:263)
    at org.apache.coyote.http11.Http11Processor.process(Http11Processor.java:844)
    at org.apache.coyote.http11.Http11Protocol$Http11ConnectionHandler.process(Http11Protocol.java:584)
    at org.apache.tomcat.util.net.JIoEndpoint$Worker.run(JIoEndpoint.java:447)
    at java.lang.Thread.run(Unknown Source)
Caused by: java.net.UnknownHostException: www.google.com
    at java.net.Inet6AddressImpl.lookupAllHostAddr(Native Method)
    at java.net.InetAddress$2.lookupAllHostAddr(Unknown Source)
    at java.net.InetAddress.getAddressesFromNameService(Unknown Source)
    at java.net.InetAddress.getAllByName0(Unknown Source)
    at java.net.InetAddress.getAllByName(Unknown Source)
    at java.net.InetAddress.getAllByName(Unknown Source)
    at org.apache.http.impl.conn.SystemDefaultDnsResolver.resolve(SystemDefaultDnsResolver.java:45)
    at org.apache.http.impl.conn.DefaultClientConnectionOperator.resolveHostname(DefaultClientConnectionOperator.java:278)
    at org.apache.http.impl.conn.DefaultClientConnectionOperator.openConnection(DefaultClientConnectionOperator.java:162)
    at org.apache.http.impl.conn.AbstractPoolEntry.open(AbstractPoolEntry.java:151)
    at org.apache.http.impl.conn.AbstractPooledConnAdapter.open(AbstractPooledConnAdapter.java:125)
    at org.apache.http.impl.client.DefaultRequestDirector.tryConnect(DefaultRequestDirector.java:640)
    at org.apache.http.impl.client.DefaultRequestDirector.execute(DefaultRequestDirector.java:479)
    at org.apache.http.impl.client.AbstractHttpClient.execute(AbstractHttpClient.java:906)
    at org.apache.http.impl.client.AbstractHttpClient.execute(AbstractHttpClient.java:805)
    at org.apache.http.impl.client.AbstractHttpClient.execute(AbstractHttpClient.java:784)
    at org.openid4java.util.HttpCache.head(HttpCache.java:335)
    at org.openid4java.discovery.yadis.YadisResolver.retrieveXrdsLocation(YadisResolver.java:400)
    at org.openid4java.discovery.yadis.YadisResolver.discover(YadisResolver.java:248)
    at org.openid4java.discovery.yadis.YadisResolver.discover(YadisResolver.java:232)
    at org.openid4java.discovery.yadis.YadisResolver.discover(YadisResolver.java:166)
    at org.openid4java.discovery.Discovery.discover(Discovery.java:147)
    at org.openid4java.discovery.Discovery.discover(Discovery.java:129)
    at org.openid4java.consumer.ConsumerManager.discover(ConsumerManager.java:538)
    at ilarkesto.auth.OpenId.createAuthenticationRequest(OpenId.java:155)
    at ilarkesto.auth.OpenId.createAuthenticationRequestUrl(OpenId.java:89)
    at scrum.server.admin.LoginServlet.redirectOpenId(LoginServlet.java:293)
    at scrum.server.admin.LoginServlet.onRequest(LoginServlet.java:76)
    at scrum.server.common.AKunagiServlet.onGet(AKunagiServlet.java:60)
    at ilarkesto.webapp.AServlet.doGet(AServlet.java:50)
    at javax.servlet.http.HttpServlet.service(HttpServlet.java:690)
    at javax.servlet.http.HttpServlet.service(HttpServlet.java:803)
    at org.apache.catalina.core.ApplicationFilterChain.internalDoFilter(ApplicationFilterChain.java:290)
    at org.apache.catalina.core.ApplicationFilterChain.doFilter(ApplicationFilterChain.java:206)
    at org.apache.catalina.core.StandardWrapperValve.invoke(StandardWrapperValve.java:233)
    at org.apache.catalina.core.StandardContextValve.invoke(StandardContextValve.java:175)
    at org.apache.catalina.core.StandardHostValve.invoke(StandardHostValve.java:128)
    at org.apache.catalina.valves.ErrorReportValve.invoke(ErrorReportValve.java:102)
    at org.apache.catalina.core.StandardEngineValve.invoke(StandardEngineValve.java:109)
    at org.apache.catalina.connector.CoyoteAdapter.service(CoyoteAdapter.java:263)
    at org.apache.coyote.http11.Http11Processor.process(Http11Processor.java:844)
    at org.apache.coyote.http11.Http11Protocol$Http11ConnectionHandler.process(Http11Protocol.java:584)
    at org.apache.tomcat.util.net.JIoEndpoint$Worker.run(JIoEndpoint.java:447)
    at java.lang.Thread.run(Unknown Source)
 | app:scrum > session:0:0:0:0:0:0:0:1

--------------------------------------------------------------------------------
Fr, 17. April 2015, 10:06 -> Fri Apr 17 10:06:10 CEST 2015 
    ERROR LoginServlet         OpenID authentication failed. Discovering OpenID failed: https://www.google.com/accounts/o8/id <- YadisException: 0x704: I/O transport error: www.google.com <- www.google.com
java.lang.RuntimeException: Discovering OpenID failed: https://www.google.com/accounts/o8/id
    at ilarkesto.auth.OpenId.createAuthenticationRequest(OpenId.java:157)
    at ilarkesto.auth.OpenId.createAuthenticationRequestUrl(OpenId.java:89)
    at scrum.server.admin.LoginServlet.redirectOpenId(LoginServlet.java:293)
    at scrum.server.admin.LoginServlet.onRequest(LoginServlet.java:76)
    at scrum.server.common.AKunagiServlet.onPost(AKunagiServlet.java:70)
    at ilarkesto.webapp.AServlet.doPost(AServlet.java:62)
    at javax.servlet.http.HttpServlet.service(HttpServlet.java:710)
    at javax.servlet.http.HttpServlet.service(HttpServlet.java:803)
    at org.apache.catalina.core.ApplicationFilterChain.internalDoFilter(ApplicationFilterChain.java:290)
    at org.apache.catalina.core.ApplicationFilterChain.doFilter(ApplicationFilterChain.java:206)
    at org.apache.catalina.core.StandardWrapperValve.invoke(StandardWrapperValve.java:233)
    at org.apache.catalina.core.StandardContextValve.invoke(StandardContextValve.java:175)
    at org.apache.catalina.core.StandardHostValve.invoke(StandardHostValve.java:128)
    at org.apache.catalina.valves.ErrorReportValve.invoke(ErrorReportValve.java:102)
    at org.apache.catalina.core.StandardEngineValve.invoke(StandardEngineValve.java:109)
    at org.apache.catalina.connector.CoyoteAdapter.service(CoyoteAdapter.java:263)
    at org.apache.coyote.http11.Http11Processor.process(Http11Processor.java:844)
    at org.apache.coyote.http11.Http11Protocol$Http11ConnectionHandler.process(Http11Protocol.java:584)
    at org.apache.tomcat.util.net.JIoEndpoint$Worker.run(JIoEndpoint.java:447)
    at java.lang.Thread.run(Unknown Source)
Caused by: org.openid4java.discovery.yadis.YadisException: 0x704: I/O transport error: www.google.com
    at org.openid4java.discovery.yadis.YadisResolver.retrieveXrdsLocation(YadisResolver.java:478)
    at org.openid4java.discovery.yadis.YadisResolver.discover(YadisResolver.java:248)
    at org.openid4java.discovery.yadis.YadisResolver.discover(YadisResolver.java:232)
    at org.openid4java.discovery.yadis.YadisResolver.discover(YadisResolver.java:166)
    at org.openid4java.discovery.Discovery.discover(Discovery.java:147)
    at org.openid4java.discovery.Discovery.discover(Discovery.java:129)
    at org.openid4java.consumer.ConsumerManager.discover(ConsumerManager.java:538)
    at ilarkesto.auth.OpenId.createAuthenticationRequest(OpenId.java:155)
    at ilarkesto.auth.OpenId.createAuthenticationRequestUrl(OpenId.java:89)
    at scrum.server.admin.LoginServlet.redirectOpenId(LoginServlet.java:293)
    at scrum.server.admin.LoginServlet.onRequest(LoginServlet.java:76)
    at scrum.server.common.AKunagiServlet.onPost(AKunagiServlet.java:70)
    at ilarkesto.webapp.AServlet.doPost(AServlet.java:62)
    at javax.servlet.http.HttpServlet.service(HttpServlet.java:710)
    at javax.servlet.http.HttpServlet.service(HttpServlet.java:803)
    at org.apache.catalina.core.ApplicationFilterChain.internalDoFilter(ApplicationFilterChain.java:290)
    at org.apache.catalina.core.ApplicationFilterChain.doFilter(ApplicationFilterChain.java:206)
    at org.apache.catalina.core.StandardWrapperValve.invoke(StandardWrapperValve.java:233)
    at org.apache.catalina.core.StandardContextValve.invoke(StandardContextValve.java:175)
    at org.apache.catalina.core.StandardHostValve.invoke(StandardHostValve.java:128)
    at org.apache.catalina.valves.ErrorReportValve.invoke(ErrorReportValve.java:102)
    at org.apache.catalina.core.StandardEngineValve.invoke(StandardEngineValve.java:109)
    at org.apache.catalina.connector.CoyoteAdapter.service(CoyoteAdapter.java:263)
    at org.apache.coyote.http11.Http11Processor.process(Http11Processor.java:844)
    at org.apache.coyote.http11.Http11Protocol$Http11ConnectionHandler.process(Http11Protocol.java:584)
    at org.apache.tomcat.util.net.JIoEndpoint$Worker.run(JIoEndpoint.java:447)
    at java.lang.Thread.run(Unknown Source)
Caused by: java.net.UnknownHostException: www.google.com
    at java.net.Inet6AddressImpl.lookupAllHostAddr(Native Method)
    at java.net.InetAddress$2.lookupAllHostAddr(Unknown Source)
    at java.net.InetAddress.getAddressesFromNameService(Unknown Source)
    at java.net.InetAddress.getAllByName0(Unknown Source)
    at java.net.InetAddress.getAllByName(Unknown Source)
    at java.net.InetAddress.getAllByName(Unknown Source)
    at org.apache.http.impl.conn.SystemDefaultDnsResolver.resolve(SystemDefaultDnsResolver.java:45)
    at org.apache.http.impl.conn.DefaultClientConnectionOperator.resolveHostname(DefaultClientConnectionOperator.java:278)
    at org.apache.http.impl.conn.DefaultClientConnectionOperator.openConnection(DefaultClientConnectionOperator.java:162)
    at org.apache.http.impl.conn.AbstractPoolEntry.open(AbstractPoolEntry.java:151)
    at org.apache.http.impl.conn.AbstractPooledConnAdapter.open(AbstractPooledConnAdapter.java:125)
    at org.apache.http.impl.client.DefaultRequestDirector.tryConnect(DefaultRequestDirector.java:640)
    at org.apache.http.impl.client.DefaultRequestDirector.execute(DefaultRequestDirector.java:479)
    at org.apache.http.impl.client.AbstractHttpClient.execute(AbstractHttpClient.java:906)
    at org.apache.http.impl.client.AbstractHttpClient.execute(AbstractHttpClient.java:805)
    at org.apache.http.impl.client.AbstractHttpClient.execute(AbstractHttpClient.java:784)
    at org.openid4java.util.HttpCache.head(HttpCache.java:335)
    at org.openid4java.discovery.yadis.YadisResolver.retrieveXrdsLocation(YadisResolver.java:400)
    at org.openid4java.discovery.yadis.YadisResolver.discover(YadisResolver.java:248)
    at org.openid4java.discovery.yadis.YadisResolver.discover(YadisResolver.java:232)
    at org.openid4java.discovery.yadis.YadisResolver.discover(YadisResolver.java:166)
    at org.openid4java.discovery.Discovery.discover(Discovery.java:147)
    at org.openid4java.discovery.Discovery.discover(Discovery.java:129)
    at org.openid4java.consumer.ConsumerManager.discover(ConsumerManager.java:538)
    at ilarkesto.auth.OpenId.createAuthenticationRequest(OpenId.java:155)
    at ilarkesto.auth.OpenId.createAuthenticationRequestUrl(OpenId.java:89)
    at scrum.server.admin.LoginServlet.redirectOpenId(LoginServlet.java:293)
    at scrum.server.admin.LoginServlet.onRequest(LoginServlet.java:76)
    at scrum.server.common.AKunagiServlet.onPost(AKunagiServlet.java:70)
    at ilarkesto.webapp.AServlet.doPost(AServlet.java:62)
    at javax.servlet.http.HttpServlet.service(HttpServlet.java:710)
    at javax.servlet.http.HttpServlet.service(HttpServlet.java:803)
    at org.apache.catalina.core.ApplicationFilterChain.internalDoFilter(ApplicationFilterChain.java:290)
    at org.apache.catalina.core.ApplicationFilterChain.doFilter(ApplicationFilterChain.java:206)
    at org.apache.catalina.core.StandardWrapperValve.invoke(StandardWrapperValve.java:233)
    at org.apache.catalina.core.StandardContextValve.invoke(StandardContextValve.java:175)
    at org.apache.catalina.core.StandardHostValve.invoke(StandardHostValve.java:128)
    at org.apache.catalina.valves.ErrorReportValve.invoke(ErrorReportValve.java:102)
    at org.apache.catalina.core.StandardEngineValve.invoke(StandardEngineValve.java:109)
    at org.apache.catalina.connector.CoyoteAdapter.service(CoyoteAdapter.java:263)
    at org.apache.coyote.http11.Http11Processor.process(Http11Processor.java:844)
    at org.apache.coyote.http11.Http11Protocol$Http11ConnectionHandler.process(Http11Protocol.java:584)
    at org.apache.tomcat.util.net.JIoEndpoint$Worker.run(JIoEndpoint.java:447)
    at java.lang.Thread.run(Unknown Source)
 | app:scrum > session:0:0:0:0:0:0:0:1

--------------------------------------------------------------------------------
Fr, 17. April 2015, 10:56 -> Fri Apr 17 10:56:23 CEST 2015 
    FATAL [/]                  Error loading WebappClassLoader
  delegate: false
  repositories:
    /WEB-INF/classes/
----------> Parent Classloader:
sun.misc.Launcher$AppClassLoader@4e25154f
 org.apache.jasper.servlet.JspServlet | app:scrum

--------------------------------------------------------------------------------
Fr, 17. April 2015, 10:56 -> Fri Apr 17 10:56:23 CEST 2015 
    FATAL [/]                  Servlet / threw load() exception                                                                    | app:scrum

--------------------------------------------------------------------------------
Fr, 17. April 2015, 10:56 -> Fri Apr 17 10:56:23 CEST 2015 
    FATAL Registry             Null component localEngine:type=JspMonitor,name=jsp,WebModule=//localhost/,J2EEApplication=none,J2EEServer=none | app:scrum

--------------------------------------------------------------------------------
Fr, 17. April 2015, 10:56 -> Fri Apr 17 10:56:50 CEST 2015 
    WARN BurndownChart        GraphicsEnvironment is not headless                                                                 | app:scrum > session:TRO

--------------------------------------------------------------------------------
Fr, 17. April 2015, 13:53 -> Fri Apr 17 13:53:01 CEST 2015 
    WARN BurndownChart        GraphicsEnvironment is not headless                                                                 | app:scrum > session:TRO

--------------------------------------------------------------------------------
Fr, 17. April 2015, 15:16 -> Fri Apr 17 15:16:41 CEST 2015 
    FATAL [/]                  Error loading WebappClassLoader
  delegate: false
  repositories:
    /WEB-INF/classes/
----------> Parent Classloader:
sun.misc.Launcher$AppClassLoader@4e25154f
 org.apache.jasper.servlet.JspServlet | app:scrum

--------------------------------------------------------------------------------
Fr, 17. April 2015, 15:16 -> Fri Apr 17 15:16:41 CEST 2015 
    FATAL [/]                  Servlet / threw load() exception                                                                    | app:scrum

--------------------------------------------------------------------------------
Fr, 17. April 2015, 15:16 -> Fri Apr 17 15:16:41 CEST 2015 
    FATAL Registry             Null component localEngine:type=JspMonitor,name=jsp,WebModule=//localhost/,J2EEApplication=none,J2EEServer=none | app:scrum

--------------------------------------------------------------------------------
Fr, 17. April 2015, 15:16 -> Fri Apr 17 15:16:58 CEST 2015 
    WARN BurndownChart        GraphicsEnvironment is not headless                                                                 | app:scrum > session:TRO

--------------------------------------------------------------------------------
Di, 21. April 2015, 11:00 -> Tue Apr 21 11:00:35 CEST 2015 
    FATAL [/]                  Error loading WebappClassLoader
  delegate: false
  repositories:
    /WEB-INF/classes/
----------> Parent Classloader:
sun.misc.Launcher$AppClassLoader@4e25154f
 org.apache.jasper.servlet.JspServlet | app:scrum

--------------------------------------------------------------------------------
Di, 21. April 2015, 11:00 -> Tue Apr 21 11:00:35 CEST 2015 
    FATAL [/]                  Servlet / threw load() exception                                                                    | app:scrum

--------------------------------------------------------------------------------
Di, 21. April 2015, 11:00 -> Tue Apr 21 11:00:35 CEST 2015 
    FATAL Registry             Null component localEngine:type=JspMonitor,name=jsp,WebModule=//localhost/,J2EEApplication=none,J2EEServer=none | app:scrum

--------------------------------------------------------------------------------
Di, 21. April 2015, 11:01 -> Tue Apr 21 11:01:06 CEST 2015 
    WARN BurndownChart        GraphicsEnvironment is not headless                                                                 | app:scrum > session:TRO

--------------------------------------------------------------------------------
Di, 21. April 2015, 14:13 -> Tue Apr 21 14:13:27 CEST 2015 
    WARN BurndownChart        GraphicsEnvironment is not headless                                                                 | app:scrum > session:TRO

--------------------------------------------------------------------------------
Di, 21. April 2015, 21:06 -> Tue Apr 21 21:06:28 CEST 2015 
    FATAL [/]                  Error loading WebappClassLoader
  delegate: false
  repositories:
    /WEB-INF/classes/
----------> Parent Classloader:
sun.misc.Launcher$AppClassLoader@4e25154f
 org.apache.jasper.servlet.JspServlet | app:scrum

--------------------------------------------------------------------------------
Di, 21. April 2015, 21:06 -> Tue Apr 21 21:06:28 CEST 2015 
    FATAL [/]                  Servlet / threw load() exception                                                                    | app:scrum

--------------------------------------------------------------------------------
Di, 21. April 2015, 21:06 -> Tue Apr 21 21:06:28 CEST 2015 
    FATAL Registry             Null component localEngine:type=JspMonitor,name=jsp,WebModule=//localhost/,J2EEApplication=none,J2EEServer=none | app:scrum

--------------------------------------------------------------------------------
Di, 21. April 2015, 21:11 -> Tue Apr 21 21:11:08 CEST 2015 
    WARN BurndownChart        GraphicsEnvironment is not headless                                                                 | app:scrum > session:admin

--------------------------------------------------------------------------------
Di, 21. April 2015, 21:12 -> Tue Apr 21 21:12:55 CEST 2015 
    WARN BurndownChart        GraphicsEnvironment is not headless                                                                 | app:scrum > session:admin

--------------------------------------------------------------------------------
Di, 21. April 2015, 21:14 -> Tue Apr 21 21:14:40 CEST 2015 
    WARN LoginServlet         Registration failed. User name already exists: TRO                                                  | app:scrum > session:0:0:0:0:0:0:0:1

--------------------------------------------------------------------------------
Di, 21. April 2015, 21:15 -> Tue Apr 21 21:15:33 CEST 2015 
    WARN LoginServlet         Registration failed. User email already exists: tro.development@gmail.com                           | app:scrum > session:0:0:0:0:0:0:0:1

--------------------------------------------------------------------------------
Do, 23. April 2015, 11:45 -> Thu Apr 23 11:45:35 CEST 2015 
    FATAL [/]                  Error loading WebappClassLoader
  delegate: false
  repositories:
    /WEB-INF/classes/
----------> Parent Classloader:
sun.misc.Launcher$AppClassLoader@25154f
 org.apache.jasper.servlet.JspServlet | app:scrum

--------------------------------------------------------------------------------
Do, 23. April 2015, 11:45 -> Thu Apr 23 11:45:35 CEST 2015 
    FATAL [/]                  Servlet / threw load() exception                                                                    | app:scrum

--------------------------------------------------------------------------------
Do, 23. April 2015, 11:45 -> Thu Apr 23 11:45:35 CEST 2015 
    FATAL Registry             Null component localEngine:type=JspMonitor,name=jsp,WebModule=//localhost/,J2EEApplication=none,J2EEServer=none | app:scrum

--------------------------------------------------------------------------------
Do, 23. April 2015, 11:49 -> Thu Apr 23 11:49:01 CEST 2015 
    WARN LoginServlet         Registration failed. User email already exists: tro.development@gmail.com                           | app:scrum > session:0:0:0:0:0:0:0:1

--------------------------------------------------------------------------------
Do, 23. April 2015, 11:49 -> Thu Apr 23 11:49:13 CEST 2015 
    ERROR Log                  Missing configuration: smtpServer                                                                   | app:scrum > session:0:0:0:0:0:0:0:1

--------------------------------------------------------------------------------
Do, 23. April 2015, 11:50 -> Thu Apr 23 11:50:09 CEST 2015 
    WARN BurndownChart        GraphicsEnvironment is not headless                                                                 | app:scrum > session:admin

--------------------------------------------------------------------------------
Do, 23. April 2015, 11:51 -> Thu Apr 23 11:51:53 CEST 2015 
    WARN BurndownChart        GraphicsEnvironment is not headless                                                                 | app:scrum > session:TROHome

--------------------------------------------------------------------------------
Do, 23. April 2015, 12:06 -> Thu Apr 23 12:06:31 CEST 2015 
    WARN BurndownChart        GraphicsEnvironment is not headless                                                                 | app:scrum > session:TROHome

--------------------------------------------------------------------------------
Do, 23. April 2015, 12:12 -> Thu Apr 23 12:12:36 CEST 2015 
    WARN BurndownChart        GraphicsEnvironment is not headless                                                                 | app:scrum > session:TROHome

--------------------------------------------------------------------------------
Fr, 24. April 2015, 10:51 -> Fri Apr 24 10:51:40 CEST 2015 
    FATAL [/]                  Error loading WebappClassLoader
  delegate: false
  repositories:
    /WEB-INF/classes/
----------> Parent Classloader:
sun.misc.Launcher$AppClassLoader@4e25154f
 org.apache.jasper.servlet.JspServlet | app:scrum

--------------------------------------------------------------------------------
Fr, 24. April 2015, 10:51 -> Fri Apr 24 10:51:40 CEST 2015 
    FATAL [/]                  Servlet / threw load() exception                                                                    | app:scrum

--------------------------------------------------------------------------------
Fr, 24. April 2015, 10:51 -> Fri Apr 24 10:51:40 CEST 2015 
    FATAL Registry             Null component localEngine:type=JspMonitor,name=jsp,WebModule=//localhost/,J2EEApplication=none,J2EEServer=none | app:scrum

--------------------------------------------------------------------------------
Fr, 24. April 2015, 10:51 -> Fri Apr 24 10:51:59 CEST 2015 
    WARN BurndownChart        GraphicsEnvironment is not headless                                                                 | app:scrum > session:TROHome

--------------------------------------------------------------------------------
Fr, 24. April 2015, 13:26 -> Fri Apr 24 13:26:30 CEST 2015 
    FATAL [/]                  Error loading WebappClassLoader
  delegate: false
  repositories:
    /WEB-INF/classes/
----------> Parent Classloader:
sun.misc.Launcher$AppClassLoader@25154f
 org.apache.jasper.servlet.JspServlet | app:scrum

--------------------------------------------------------------------------------
Fr, 24. April 2015, 13:26 -> Fri Apr 24 13:26:30 CEST 2015 
    FATAL [/]                  Servlet / threw load() exception                                                                    | app:scrum

--------------------------------------------------------------------------------
Fr, 24. April 2015, 13:26 -> Fri Apr 24 13:26:30 CEST 2015 
    FATAL Registry             Null component localEngine:type=JspMonitor,name=jsp,WebModule=//localhost/,J2EEApplication=none,J2EEServer=none | app:scrum

--------------------------------------------------------------------------------
Fr, 24. April 2015, 13:26 -> Fri Apr 24 13:26:38 CEST 2015 
    WARN BurndownChart        GraphicsEnvironment is not headless                                                                 | app:scrum > session:TROHome

--------------------------------------------------------------------------------
Fr, 24. April 2015, 14:10 -> Fri Apr 24 14:10:51 CEST 2015 
    FATAL [/]                  Error loading WebappClassLoader
  delegate: false
  repositories:
    /WEB-INF/classes/
----------> Parent Classloader:
sun.misc.Launcher$AppClassLoader@25154f
 org.apache.jasper.servlet.JspServlet | app:scrum

--------------------------------------------------------------------------------
Fr, 24. April 2015, 14:10 -> Fri Apr 24 14:10:51 CEST 2015 
    FATAL [/]                  Servlet / threw load() exception                                                                    | app:scrum

--------------------------------------------------------------------------------
Fr, 24. April 2015, 14:10 -> Fri Apr 24 14:10:51 CEST 2015 
    FATAL Registry             Null component localEngine:type=JspMonitor,name=jsp,WebModule=//localhost/,J2EEApplication=none,J2EEServer=none | app:scrum

--------------------------------------------------------------------------------
Fr, 24. April 2015, 14:11 -> Fri Apr 24 14:11:17 CEST 2015 
    WARN BurndownChart        GraphicsEnvironment is not headless                                                                 | app:scrum > session:TROHome

--------------------------------------------------------------------------------
Fr, 24. April 2015, 14:14 -> Fri Apr 24 14:14:10 CEST 2015 
    WARN BurndownChart        GraphicsEnvironment is not headless                                                                 | app:scrum > session:TROHome

--------------------------------------------------------------------------------
Fr, 24. April 2015, 14:14 -> Fri Apr 24 14:14:30 CEST 2015 
    WARN BurndownChart        GraphicsEnvironment is not headless                                                                 | app:scrum > session:TROHome

--------------------------------------------------------------------------------
Fr, 24. April 2015, 14:27 -> Fri Apr 24 14:27:04 CEST 2015 
    WARN BurndownChart        GraphicsEnvironment is not headless                                                                 | app:scrum > session:TROHome

--------------------------------------------------------------------------------
Fr, 24. April 2015, 14:28 -> Fri Apr 24 14:28:33 CEST 2015 
    WARN BurndownChart        GraphicsEnvironment is not headless                                                                 | app:scrum > session:TROHome

--------------------------------------------------------------------------------
Fr, 24. April 2015, 14:37 -> Fri Apr 24 14:37:58 CEST 2015 
    WARN BurndownChart        GraphicsEnvironment is not headless                                                                 | app:scrum > session:TROHome

--------------------------------------------------------------------------------
Sa, 25. April 2015, 10:33 -> Sat Apr 25 10:33:13 CEST 2015 
    FATAL [/]                  Error loading WebappClassLoader
  delegate: false
  repositories:
    /WEB-INF/classes/
----------> Parent Classloader:
sun.misc.Launcher$AppClassLoader@25154f
 org.apache.jasper.servlet.JspServlet | app:scrum

--------------------------------------------------------------------------------
Sa, 25. April 2015, 10:33 -> Sat Apr 25 10:33:13 CEST 2015 
    FATAL [/]                  Servlet / threw load() exception                                                                    | app:scrum

--------------------------------------------------------------------------------
Sa, 25. April 2015, 10:33 -> Sat Apr 25 10:33:13 CEST 2015 
    FATAL Registry             Null component localEngine:type=JspMonitor,name=jsp,WebModule=//localhost/,J2EEApplication=none,J2EEServer=none | app:scrum

--------------------------------------------------------------------------------
Sa, 25. April 2015, 10:33 -> Sat Apr 25 10:33:16 CEST 2015 
    WARN BurndownChart        GraphicsEnvironment is not headless                                                                 | app:scrum > session:TROHome

--------------------------------------------------------------------------------
Sa, 25. April 2015, 11:07 -> Sat Apr 25 11:07:29 CEST 2015 
    WARN BurndownChart        GraphicsEnvironment is not headless                                                                 | app:scrum > session:TROHome

--------------------------------------------------------------------------------
Mo, 27. April 2015, 14:21 -> Mon Apr 27 14:21:09 CEST 2015 
    FATAL [/]                  Error loading WebappClassLoader
  delegate: false
  repositories:
    /WEB-INF/classes/
----------> Parent Classloader:
sun.misc.Launcher$AppClassLoader@25154f
 org.apache.jasper.servlet.JspServlet | app:scrum

--------------------------------------------------------------------------------
Mo, 27. April 2015, 14:21 -> Mon Apr 27 14:21:09 CEST 2015 
    FATAL [/]                  Servlet / threw load() exception                                                                    | app:scrum

--------------------------------------------------------------------------------
Mo, 27. April 2015, 14:21 -> Mon Apr 27 14:21:09 CEST 2015 
    FATAL Registry             Null component localEngine:type=JspMonitor,name=jsp,WebModule=//localhost/,J2EEApplication=none,J2EEServer=none | app:scrum

--------------------------------------------------------------------------------
Mo, 27. April 2015, 14:21 -> Mon Apr 27 14:21:28 CEST 2015 
    WARN BurndownChart        GraphicsEnvironment is not headless                                                                 | app:scrum > session:TROHome

--------------------------------------------------------------------------------
Mo, 27. April 2015, 14:23 -> Mon Apr 27 14:23:42 CEST 2015 
    WARN BurndownChart        GraphicsEnvironment is not headless                                                                 | app:scrum > session:TROHome

--------------------------------------------------------------------------------
Mo, 27. April 2015, 18:22 -> Mon Apr 27 18:22:15 CEST 2015 
    WARN BurndownChart        GraphicsEnvironment is not headless                                                                 | app:scrum > session:TROHome

--------------------------------------------------------------------------------
Mo, 27. April 2015, 18:44 -> Mon Apr 27 18:44:29 CEST 2015 
    WARN BurndownChart        GraphicsEnvironment is not headless                                                                 | app:scrum > session:TROHome

--------------------------------------------------------------------------------
Mo, 27. April 2015, 18:50 -> Mon Apr 27 18:50:31 CEST 2015 
    WARN BurndownChart        GraphicsEnvironment is not headless                                                                 | app:scrum > session:TROHome

--------------------------------------------------------------------------------
Mo, 27. April 2015, 18:50 -> Mon Apr 27 18:50:33 CEST 2015 
    WARN BurndownChart        GraphicsEnvironment is not headless                                                                 | app:scrum > session:TROHome

--------------------------------------------------------------------------------
Mo, 27. April 2015, 18:50 -> Mon Apr 27 18:50:34 CEST 2015 
    WARN BurndownChart        GraphicsEnvironment is not headless                                                                 | app:scrum > session:TROHome

--------------------------------------------------------------------------------
Mo, 27. April 2015, 18:50 -> Mon Apr 27 18:50:36 CEST 2015 
    WARN BurndownChart        GraphicsEnvironment is not headless                                                                 | app:scrum > session:TROHome

--------------------------------------------------------------------------------
Mo, 27. April 2015, 18:51 -> Mon Apr 27 18:51:13 CEST 2015 
    WARN BurndownChart        GraphicsEnvironment is not headless                                                                 | app:scrum > session:TROHome

--------------------------------------------------------------------------------
Mo, 27. April 2015, 18:51 -> Mon Apr 27 18:51:15 CEST 2015 
    WARN BurndownChart        GraphicsEnvironment is not headless                                                                 | app:scrum > session:TROHome

--------------------------------------------------------------------------------
Mo, 27. April 2015, 18:51 -> Mon Apr 27 18:51:33 CEST 2015 
    WARN BurndownChart        GraphicsEnvironment is not headless                                                                 | app:scrum > session:TROHome

--------------------------------------------------------------------------------
Di, 28. April 2015, 10:55 -> Tue Apr 28 10:55:15 CEST 2015 
    FATAL [/]                  Error loading WebappClassLoader
  delegate: false
  repositories:
    /WEB-INF/classes/
----------> Parent Classloader:
sun.misc.Launcher$AppClassLoader@25154f
 org.apache.jasper.servlet.JspServlet | app:scrum

--------------------------------------------------------------------------------
Di, 28. April 2015, 10:55 -> Tue Apr 28 10:55:15 CEST 2015 
    FATAL [/]                  Servlet / threw load() exception                                                                    | app:scrum

--------------------------------------------------------------------------------
Di, 28. April 2015, 10:55 -> Tue Apr 28 10:55:15 CEST 2015 
    FATAL Registry             Null component localEngine:type=JspMonitor,name=jsp,WebModule=//localhost/,J2EEApplication=none,J2EEServer=none | app:scrum

--------------------------------------------------------------------------------
Di, 28. April 2015, 10:56 -> Tue Apr 28 10:56:30 CEST 2015 
    WARN BurndownChart        GraphicsEnvironment is not headless                                                                 | app:scrum > session:TROHome

--------------------------------------------------------------------------------
Di, 28. April 2015, 13:19 -> Tue Apr 28 13:19:33 CEST 2015 
    WARN BurndownChart        GraphicsEnvironment is not headless                                                                 | app:scrum > session:TROHome

--------------------------------------------------------------------------------
Di, 28. April 2015, 13:45 -> Tue Apr 28 13:45:47 CEST 2015 
    WARN BurndownChart        GraphicsEnvironment is not headless                                                                 | app:scrum > session:TROHome

--------------------------------------------------------------------------------
Di, 28. April 2015, 13:46 -> Tue Apr 28 13:46:04 CEST 2015 
    WARN BurndownChart        GraphicsEnvironment is not headless                                                                 | app:scrum > session:TROHome

--------------------------------------------------------------------------------
Do, 30. April 2015, 14:16 -> Thu Apr 30 14:16:10 CEST 2015 
    FATAL [/]                  Error loading WebappClassLoader
  delegate: false
  repositories:
    /WEB-INF/classes/
----------> Parent Classloader:
sun.misc.Launcher$AppClassLoader@25154f
 org.apache.jasper.servlet.JspServlet | app:scrum

--------------------------------------------------------------------------------
Do, 30. April 2015, 14:16 -> Thu Apr 30 14:16:10 CEST 2015 
    FATAL [/]                  Servlet / threw load() exception                                                                    | app:scrum

--------------------------------------------------------------------------------
Do, 30. April 2015, 14:16 -> Thu Apr 30 14:16:10 CEST 2015 
    FATAL Registry             Null component localEngine:type=JspMonitor,name=jsp,WebModule=//localhost/,J2EEApplication=none,J2EEServer=none | app:scrum

--------------------------------------------------------------------------------
Do, 30. April 2015, 14:18 -> Thu Apr 30 14:18:25 CEST 2015 
    WARN BurndownChart        GraphicsEnvironment is not headless                                                                 | app:scrum > session:TROHome

--------------------------------------------------------------------------------
Do, 30. April 2015, 14:19 -> Thu Apr 30 14:19:09 CEST 2015 
    WARN BurndownChart        GraphicsEnvironment is not headless                                                                 | app:scrum > session:TROHome

--------------------------------------------------------------------------------
Do, 30. April 2015, 14:21 -> Thu Apr 30 14:21:15 CEST 2015 
    WARN BurndownChart        GraphicsEnvironment is not headless                                                                 | app:scrum > session:TROHome

--------------------------------------------------------------------------------
Do, 30. April 2015, 14:29 -> Thu Apr 30 14:29:20 CEST 2015 
    WARN BurndownChart        GraphicsEnvironment is not headless                                                                 | app:scrum > session:TROHome

--------------------------------------------------------------------------------
Do, 30. April 2015, 14:29 -> Thu Apr 30 14:29:30 CEST 2015 
    WARN BurndownChart        GraphicsEnvironment is not headless                                                                 | app:scrum > session:TROHome

--------------------------------------------------------------------------------
Do, 30. April 2015, 14:57 -> Thu Apr 30 14:57:24 CEST 2015 
    WARN BurndownChart        GraphicsEnvironment is not headless                                                                 | app:scrum > session:TROHome

--------------------------------------------------------------------------------
Do, 30. April 2015, 14:58 -> Thu Apr 30 14:58:01 CEST 2015 
    WARN BurndownChart        GraphicsEnvironment is not headless                                                                 | app:scrum > session:TROHome

--------------------------------------------------------------------------------
Do, 30. April 2015, 19:29 -> Thu Apr 30 19:29:32 CEST 2015 
    FATAL [/]                  Error loading WebappClassLoader
  delegate: false
  repositories:
    /WEB-INF/classes/
----------> Parent Classloader:
sun.misc.Launcher$AppClassLoader@25154f
 org.apache.jasper.servlet.JspServlet | app:scrum

--------------------------------------------------------------------------------
Do, 30. April 2015, 19:29 -> Thu Apr 30 19:29:32 CEST 2015 
    FATAL [/]                  Servlet / threw load() exception                                                                    | app:scrum

--------------------------------------------------------------------------------
Do, 30. April 2015, 19:29 -> Thu Apr 30 19:29:32 CEST 2015 
    FATAL Registry             Null component localEngine:type=JspMonitor,name=jsp,WebModule=//localhost/,J2EEApplication=none,J2EEServer=none | app:scrum

--------------------------------------------------------------------------------
Do, 30. April 2015, 19:29 -> Thu Apr 30 19:29:41 CEST 2015 
    WARN BurndownChart        GraphicsEnvironment is not headless                                                                 | app:scrum > session:TROHome

--------------------------------------------------------------------------------
Do, 30. April 2015, 19:30 -> Thu Apr 30 19:30:32 CEST 2015 
    WARN BurndownChart        GraphicsEnvironment is not headless                                                                 | app:scrum > session:TROHome

--------------------------------------------------------------------------------
Do, 30. April 2015, 19:31 -> Thu Apr 30 19:31:04 CEST 2015 
    WARN BurndownChart        GraphicsEnvironment is not headless                                                                 | app:scrum > session:TROHome

--------------------------------------------------------------------------------
Di, 05. Mai 2015, 08:54 -> Tue May 05 08:54:42 CEST 2015 
    FATAL [/]                  Error loading WebappClassLoader
  delegate: false
  repositories:
    /WEB-INF/classes/
----------> Parent Classloader:
sun.misc.Launcher$AppClassLoader@25154f
 org.apache.jasper.servlet.JspServlet | app:scrum

--------------------------------------------------------------------------------
Di, 05. Mai 2015, 08:54 -> Tue May 05 08:54:42 CEST 2015 
    FATAL [/]                  Servlet / threw load() exception                                                                    | app:scrum

--------------------------------------------------------------------------------
Di, 05. Mai 2015, 08:54 -> Tue May 05 08:54:42 CEST 2015 
    FATAL Registry             Null component localEngine:type=JspMonitor,name=jsp,WebModule=//localhost/,J2EEApplication=none,J2EEServer=none | app:scrum

--------------------------------------------------------------------------------
Di, 05. Mai 2015, 08:55 -> Tue May 05 08:55:13 CEST 2015 
    WARN BurndownChart        GraphicsEnvironment is not headless                                                                 | app:scrum > session:TROHome

--------------------------------------------------------------------------------
Di, 05. Mai 2015, 08:55 -> Tue May 05 08:55:55 CEST 2015 
    WARN BurndownChart        GraphicsEnvironment is not headless                                                                 | app:scrum > session:TROHome

--------------------------------------------------------------------------------
Di, 05. Mai 2015, 10:27 -> Tue May 05 10:27:54 CEST 2015 
    WARN BurndownChart        GraphicsEnvironment is not headless                                                                 | app:scrum > session:TROHome

--------------------------------------------------------------------------------
Di, 05. Mai 2015, 12:53 -> Tue May 05 12:53:11 CEST 2015 
    FATAL [/]                  Error loading WebappClassLoader
  delegate: false
  repositories:
    /WEB-INF/classes/
----------> Parent Classloader:
sun.misc.Launcher$AppClassLoader@25154f
 org.apache.jasper.servlet.JspServlet | app:scrum

--------------------------------------------------------------------------------
Di, 05. Mai 2015, 12:53 -> Tue May 05 12:53:11 CEST 2015 
    FATAL [/]                  Servlet / threw load() exception                                                                    | app:scrum

--------------------------------------------------------------------------------
Di, 05. Mai 2015, 12:53 -> Tue May 05 12:53:11 CEST 2015 
    FATAL Registry             Null component localEngine:type=JspMonitor,name=jsp,WebModule=//localhost/,J2EEApplication=none,J2EEServer=none | app:scrum

--------------------------------------------------------------------------------
Di, 05. Mai 2015, 12:53 -> Tue May 05 12:53:16 CEST 2015 
    WARN BurndownChart        GraphicsEnvironment is not headless                                                                 | app:scrum > session:TROHome

--------------------------------------------------------------------------------
Di, 05. Mai 2015, 12:53 -> Tue May 05 12:53:23 CEST 2015 
    WARN BurndownChart        GraphicsEnvironment is not headless                                                                 | app:scrum > session:TROHome

--------------------------------------------------------------------------------
Di, 05. Mai 2015, 13:11 -> Tue May 05 13:11:08 CEST 2015 
    WARN BurndownChart        GraphicsEnvironment is not headless                                                                 | app:scrum > session:TROHome

--------------------------------------------------------------------------------
Di, 05. Mai 2015, 13:37 -> Tue May 05 13:37:21 CEST 2015 
    WARN BurndownChart        GraphicsEnvironment is not headless                                                                 | app:scrum > session:TROHome

--------------------------------------------------------------------------------
Di, 05. Mai 2015, 14:01 -> Tue May 05 14:01:30 CEST 2015 
    WARN BurndownChart        GraphicsEnvironment is not headless                                                                 | app:scrum > session:TROHome

--------------------------------------------------------------------------------
Mi, 06. Mai 2015, 15:16 -> Wed May 06 15:16:03 CEST 2015 
    FATAL [/]                  Error loading WebappClassLoader
  delegate: false
  repositories:
    /WEB-INF/classes/
----------> Parent Classloader:
sun.misc.Launcher$AppClassLoader@25154f
 org.apache.jasper.servlet.JspServlet | app:scrum

--------------------------------------------------------------------------------
Mi, 06. Mai 2015, 15:16 -> Wed May 06 15:16:03 CEST 2015 
    FATAL [/]                  Servlet / threw load() exception                                                                    | app:scrum

--------------------------------------------------------------------------------
Mi, 06. Mai 2015, 15:16 -> Wed May 06 15:16:03 CEST 2015 
    FATAL Registry             Null component localEngine:type=JspMonitor,name=jsp,WebModule=//localhost/,J2EEApplication=none,J2EEServer=none | app:scrum

--------------------------------------------------------------------------------
Mi, 06. Mai 2015, 15:16 -> Wed May 06 15:16:06 CEST 2015 
    WARN BurndownChart        GraphicsEnvironment is not headless                                                                 | app:scrum > session:TROHome

--------------------------------------------------------------------------------
Mi, 06. Mai 2015, 15:21 -> Wed May 06 15:21:55 CEST 2015 
    WARN BurndownChart        GraphicsEnvironment is not headless                                                                 | app:scrum > session:TROHome

--------------------------------------------------------------------------------
Mi, 06. Mai 2015, 15:30 -> Wed May 06 15:30:43 CEST 2015 
    WARN BurndownChart        GraphicsEnvironment is not headless                                                                 | app:scrum > session:TROHome

--------------------------------------------------------------------------------
Mi, 06. Mai 2015, 15:42 -> Wed May 06 15:42:44 CEST 2015 
    WARN BurndownChart        GraphicsEnvironment is not headless                                                                 | app:scrum > session:TROHome

--------------------------------------------------------------------------------
Mi, 06. Mai 2015, 16:23 -> Wed May 06 16:23:15 CEST 2015 
    WARN BurndownChart        GraphicsEnvironment is not headless                                                                 | app:scrum > session:TROHome

--------------------------------------------------------------------------------
Mi, 06. Mai 2015, 16:45 -> Wed May 06 16:45:59 CEST 2015 
    WARN BurndownChart        GraphicsEnvironment is not headless                                                                 | app:scrum > session:TROHome

--------------------------------------------------------------------------------
Do, 07. Mai 2015, 11:36 -> Thu May 07 11:36:42 CEST 2015 
    FATAL [/]                  Error loading WebappClassLoader
  delegate: false
  repositories:
    /WEB-INF/classes/
----------> Parent Classloader:
sun.misc.Launcher$AppClassLoader@25154f
 org.apache.jasper.servlet.JspServlet | app:scrum

--------------------------------------------------------------------------------
Do, 07. Mai 2015, 11:36 -> Thu May 07 11:36:42 CEST 2015 
    FATAL [/]                  Servlet / threw load() exception                                                                    | app:scrum

--------------------------------------------------------------------------------
Do, 07. Mai 2015, 11:36 -> Thu May 07 11:36:42 CEST 2015 
    FATAL Registry             Null component localEngine:type=JspMonitor,name=jsp,WebModule=//localhost/,J2EEApplication=none,J2EEServer=none | app:scrum

--------------------------------------------------------------------------------
Do, 07. Mai 2015, 11:36 -> Thu May 07 11:36:48 CEST 2015 
    WARN BurndownChart        GraphicsEnvironment is not headless                                                                 | app:scrum > session:TROHome

--------------------------------------------------------------------------------
Do, 07. Mai 2015, 12:52 -> Thu May 07 12:52:50 CEST 2015 
    WARN BurndownChart        GraphicsEnvironment is not headless                                                                 | app:scrum > session:TROHome

